<?xml version="1.0" encoding="UTF-8"?>
<!-- Generated by org.testng.reporters.JUnitReportReporter -->
<testsuite hostname="LAPTOP-TUN1U03P" failures="0" tests="1" name="by.stest.testcases.LoginTest" time="4.391" errors="0" timestamp="2022-09-13T16:30:07 IST" skipped="0">
  <testcase classname="by.stest.testcases.LoginTest" name="loginTest" time="4.391"/>
  <system-out/>
</testsuite> <!-- by.stest.testcases.LoginTest -->
